# JRE version: OpenJDK Runtime Environment (21.0.10) (build 21.0.10+-14961533-b1163.108)
# Java VM: OpenJDK 64-Bit Server VM (21.0.10+-14961533-b1163.108, mixed mode, tiered, compressed oops, compressed class ptrs, g1 gc, windows-amd64)
GC Precious Log:
 CardTable entry size: 512
 Card Set container configuration: InlinePtr #cards 5 size 8 Array Of Cards #cards 12 size 40 Howl #buckets 4 coarsen threshold 1843 Howl Bitmap #cards 512 size 80 coarsen threshold 460 Card regions per heap region 1 cards per card region 2048
 CPUs: 4 total, 4 available
 Memory: 16326M
 Large Page Support: Disabled
 NUMA Support: Disabled
 Compressed Oops: Enabled (32-bit)
 Heap Region Size: 1M
 Heap Min Capacity: 8M
 Heap Initial Capacity: 256M
 Heap Max Capacity: 2G
 Pre-touch: Disabled
 Parallel Workers: 4
 Concurrent Workers: 1
 Concurrent Refinement Workers: 4
 Periodic GC: Disabled
Heap:
 garbage-first heap   total 396288K, used 207733K [0x0000000080000000, 0x0000000100000000)
  region size 1024K, 100 young (102400K), 24 survivors (24576K)
 Metaspace       used 142271K, committed 144320K, reserved 1179648K
  class space    used 18644K, committed 19648K, reserved 1048576K
GC Heap History (20 events):
Event: 51.291 GC heap before
{Heap before GC invocations=86 (full 0):
 garbage-first heap   total 413696K, used 334595K [0x0000000080000000, 0x0000000100000000)
  region size 1024K, 242 young (247808K), 8 survivors (8192K)
 Metaspace       used 65886K, committed 67328K, reserved 1114112K
  class space    used 8962K, committed 9664K, reserved 1048576K
}
Event: 51.299 GC heap after
{Heap after GC invocations=87 (full 0):
 garbage-first heap   total 413696K, used 95033K [0x0000000080000000, 0x0000000100000000)
  region size 1024K, 7 young (7168K), 7 survivors (7168K)
 Metaspace       used 65886K, committed 67328K, reserved 1114112K
  class space    used 8962K, committed 9664K, reserved 1048576K
}
Event: 52.350 GC heap before
{Heap before GC invocations=87 (full 0):
 garbage-first heap   total 413696K, used 335673K [0x0000000080000000, 0x0000000100000000)
  region size 1024K, 242 young (247808K), 7 survivors (7168K)
 Metaspace       used 65914K, committed 67392K, reserved 1114112K
  class space    used 8965K, committed 9664K, reserved 1048576K
}
Event: 52.357 GC heap after
{Heap after GC invocations=88 (full 0):
 garbage-first heap   total 413696K, used 96764K [0x0000000080000000, 0x0000000100000000)
  region size 1024K, 8 young (8192K), 8 survivors (8192K)
 Metaspace       used 65914K, committed 67392K, reserved 1114112K
  class space    used 8965K, committed 9664K, reserved 1048576K
}
Event: 53.063 GC heap before
{Heap before GC invocations=88 (full 0):
 garbage-first heap   total 413696K, used 336380K [0x0000000080000000, 0x0000000100000000)
  region size 1024K, 242 young (247808K), 8 survivors (8192K)
 Metaspace       used 65914K, committed 67392K, reserved 1114112K
  class space    used 8965K, committed 9664K, reserved 1048576K
}
Event: 53.070 GC heap after
{Heap after GC invocations=89 (full 0):
 garbage-first heap   total 413696K, used 98066K [0x0000000080000000, 0x0000000100000000)
  region size 1024K, 9 young (9216K), 9 survivors (9216K)
 Metaspace       used 65914K, committed 67392K, reserved 1114112K
  class space    used 8965K, committed 9664K, reserved 1048576K
}
Event: 54.040 GC heap before
{Heap before GC invocations=89 (full 0):
 garbage-first heap   total 413696K, used 343826K [0x0000000080000000, 0x0000000100000000)
  region size 1024K, 242 young (247808K), 9 survivors (9216K)
 Metaspace       used 68476K, committed 69888K, reserved 1114112K
  class space    used 9231K, committed 9920K, reserved 1048576K
}
Event: 54.047 GC heap after
{Heap after GC invocations=90 (full 0):
 garbage-first heap   total 413696K, used 96733K [0x0000000080000000, 0x0000000100000000)
  region size 1024K, 7 young (7168K), 7 survivors (7168K)
 Metaspace       used 68476K, committed 69888K, reserved 1114112K
  class space    used 9231K, committed 9920K, reserved 1048576K
}
Event: 54.528 GC heap before
{Heap before GC invocations=90 (full 0):
 garbage-first heap   total 413696K, used 337373K [0x0000000080000000, 0x0000000100000000)
  region size 1024K, 242 young (247808K), 7 survivors (7168K)
 Metaspace       used 68478K, committed 69888K, reserved 1114112K
  class space    used 9231K, committed 9920K, reserved 1048576K
}
Event: 54.536 GC heap after
{Heap after GC invocations=91 (full 0):
 garbage-first heap   total 413696K, used 100615K [0x0000000080000000, 0x0000000100000000)
  region size 1024K, 11 young (11264K), 11 survivors (11264K)
 Metaspace       used 68478K, committed 69888K, reserved 1114112K
  class space    used 9231K, committed 9920K, reserved 1048576K
}
Event: 55.024 GC heap before
{Heap before GC invocations=91 (full 0):
 garbage-first heap   total 413696K, used 338183K [0x0000000080000000, 0x0000000100000000)
  region size 1024K, 242 young (247808K), 11 survivors (11264K)
 Metaspace       used 68491K, committed 69888K, reserved 1114112K
  class space    used 9232K, committed 9920K, reserved 1048576K
}
Event: 55.029 GC heap after
{Heap after GC invocations=92 (full 0):
 garbage-first heap   total 413696K, used 87825K [0x0000000080000000, 0x0000000100000000)
  region size 1024K, 5 young (5120K), 5 survivors (5120K)
 Metaspace       used 68491K, committed 69888K, reserved 1114112K
  class space    used 9232K, committed 9920K, reserved 1048576K
}
Event: 55.544 GC heap before
{Heap before GC invocations=92 (full 0):
 garbage-first heap   total 413696K, used 336657K [0x0000000080000000, 0x0000000100000000)
  region size 1024K, 242 young (247808K), 5 survivors (5120K)
 Metaspace       used 68506K, committed 69952K, reserved 1114112K
  class space    used 9232K, committed 9920K, reserved 1048576K
}
Event: 55.548 GC heap after
{Heap after GC invocations=93 (full 0):
 garbage-first heap   total 413696K, used 88054K [0x0000000080000000, 0x0000000100000000)
  region size 1024K, 5 young (5120K), 5 survivors (5120K)
 Metaspace       used 68506K, committed 69952K, reserved 1114112K
  class space    used 9232K, committed 9920K, reserved 1048576K
}
Event: 59.792 GC heap before
{Heap before GC invocations=93 (full 0):
 garbage-first heap   total 413696K, used 345078K [0x0000000080000000, 0x0000000100000000)
  region size 1024K, 242 young (247808K), 5 survivors (5120K)
 Metaspace       used 95490K, committed 97024K, reserved 1179648K
  class space    used 12974K, committed 13696K, reserved 1048576K
}
Event: 59.817 GC heap after
{Heap after GC invocations=94 (full 0):
 garbage-first heap   total 413696K, used 111809K [0x0000000080000000, 0x0000000100000000)
  region size 1024K, 20 young (20480K), 20 survivors (20480K)
 Metaspace       used 95490K, committed 97024K, reserved 1179648K
  class space    used 12974K, committed 13696K, reserved 1048576K
}
Event: 62.113 GC heap before
{Heap before GC invocations=94 (full 0):
 garbage-first heap   total 413696K, used 267457K [0x0000000080000000, 0x0000000100000000)
  region size 1024K, 172 young (176128K), 20 survivors (20480K)
 Metaspace       used 109793K, committed 111616K, reserved 1179648K
  class space    used 14725K, committed 15616K, reserved 1048576K
}
Event: 62.144 GC heap after
{Heap after GC invocations=95 (full 0):
 garbage-first heap   total 413696K, used 123253K [0x0000000080000000, 0x0000000100000000)
  region size 1024K, 11 young (11264K), 11 survivors (11264K)
 Metaspace       used 109793K, committed 111616K, reserved 1179648K
  class space    used 14725K, committed 15616K, reserved 1048576K
}
Event: 65.639 GC heap before
{Heap before GC invocations=96 (full 0):
 garbage-first heap   total 396288K, used 345461K [0x0000000080000000, 0x0000000100000000)
  region size 1024K, 232 young (237568K), 11 survivors (11264K)
 Metaspace       used 131289K, committed 133120K, reserved 1179648K
  class space    used 17024K, committed 17920K, reserved 1048576K
}
Event: 65.664 GC heap after
{Heap after GC invocations=97 (full 0):
 garbage-first heap   total 396288K, used 131957K [0x0000000080000000, 0x0000000100000000)
  region size 1024K, 24 young (24576K), 24 survivors (24576K)
 Metaspace       used 131289K, committed 133120K, reserved 1179648K
  class space    used 17024K, committed 17920K, reserved 1048576K
}

